<?xml version="1.0" encoding="UTF-8"?>
<!-- Generated by org.testng.reporters.JUnitReportReporter -->
<testsuite hostname="DESKTOP-DJ4FDME" failures="0" tests="1" name="org.xyz.automation.fb.MoreFieldsMethod" time="9.630" errors="0" timestamp="2023-11-29T08:01:59 IST" skipped="0">
  <testcase classname="org.xyz.automation.fb.MoreFieldsMethod" name="launchBrowser" time="9.630"/>
</testsuite> <!-- org.xyz.automation.fb.MoreFieldsMethod -->
