<?xml version="1.0" encoding="UTF-8"?>
<!-- Generated by org.testng.reporters.JUnitReportReporter -->
<testsuite hostname="DESKTOP-DJ4FDME" failures="0" tests="1" name="org.wipro.automation.uo.testcases.MenuScenario" time="32.406" errors="0" timestamp="2023-12-06T08:09:10 IST" skipped="0">
  <testcase classname="org.wipro.automation.uo.testcases.MenuScenario" name="validateloginfunct" time="32.406"/>
</testsuite> <!-- org.wipro.automation.uo.testcases.MenuScenario -->
