<?xml version="1.0" encoding="UTF-8"?>
<!-- Generated by org.testng.reporters.JUnitReportReporter -->
<testsuite hostname="DESKTOP-DJ4FDME" failures="0" tests="4" name="org.xyz.automation.fb.HandleKeyboardMouse" time="11.186" errors="0" timestamp="2023-12-01T08:03:05 IST" skipped="2">
  <testcase classname="org.xyz.automation.fb.HandleKeyboardMouse" name="handleAlerts" time="4.614"/>
  <testcase classname="org.xyz.automation.fb.HandleKeyboardMouse" name="handleFrames" time="6.572"/>
  <testcase classname="org.xyz.automation.fb.HandleKeyboardMouse" name="handleKeyboard">
    <skipped/>
  </testcase> <!-- handleKeyboard -->
  <testcase classname="org.xyz.automation.fb.HandleKeyboardMouse" name="handleMouse">
    <skipped/>
  </testcase> <!-- handleMouse -->
</testsuite> <!-- org.xyz.automation.fb.HandleKeyboardMouse -->
