<?xml version="1.0" encoding="UTF-8"?>
<!-- Generated by org.testng.reporters.JUnitReportReporter -->
<testsuite hostname="DESKTOP-DJ4FDME" failures="0" tests="2" name="learnTestNG.TestScenario2" time="0.009" errors="0" timestamp="2023-11-17T08:12:36 IST" skipped="1">
  <testcase classname="learnTestNG.TestScenario2" name="sixth_testcase" time="0.009"/>
  <testcase classname="learnTestNG.TestScenario2" name="second_testcase">
    <skipped/>
  </testcase> <!-- second_testcase -->
</testsuite> <!-- learnTestNG.TestScenario2 -->
