<?xml version="1.0" encoding="UTF-8"?>
<!-- Generated by org.testng.reporters.JUnitReportReporter -->
<testsuite hostname="DESKTOP-DJ4FDME" failures="0" tests="1" name="org.xyz.automation.fb.FetchDataRuntime" time="4.795" errors="0" timestamp="2023-11-25T08:25:38 IST" skipped="0">
  <testcase classname="org.xyz.automation.fb.FetchDataRuntime" name="launchBrowser" time="4.795"/>
</testsuite> <!-- org.xyz.automation.fb.FetchDataRuntime -->
