<?xml version="1.0" encoding="UTF-8"?>
<!-- Generated by org.testng.reporters.JUnitReportReporter -->
<testsuite hostname="DESKTOP-DJ4FDME" failures="0" tests="2" name="org.xyz.automation.fb.FirstAutomation" time="9.145" errors="0" timestamp="2023-12-01T08:03:05 IST" skipped="0">
  <testcase classname="org.xyz.automation.fb.FirstAutomation" name="loginFunc" time="3.745"/>
  <testcase classname="org.xyz.automation.fb.FirstAutomation" name="signupFunc" time="5.400"/>
</testsuite> <!-- org.xyz.automation.fb.FirstAutomation -->
