<?xml version="1.0" encoding="UTF-8"?>
<!-- Generated by org.testng.reporters.JUnitReportReporter -->
<testsuite hostname="DESKTOP-DJ4FDME" failures="0" tests="3" name="org.wipro.automation.uo.testcases.LoginScenario_DDF" time="13.289" errors="0" timestamp="2023-12-06T08:00:19 IST" skipped="0">
  <testcase classname="org.wipro.automation.uo.testcases.LoginScenario_DDF" name="validateloginfunct" time="3.727"/>
  <testcase classname="org.wipro.automation.uo.testcases.LoginScenario_DDF" name="validateloginfunct" time="3.961"/>
  <testcase classname="org.wipro.automation.uo.testcases.LoginScenario_DDF" name="validateloginfunct" time="5.601"/>
</testsuite> <!-- org.wipro.automation.uo.testcases.LoginScenario_DDF -->
