<?xml version="1.0" encoding="UTF-8"?>
<!-- Generated by org.testng.reporters.JUnitReportReporter -->
<testsuite hostname="DESKTOP-DJ4FDME" failures="0" tests="1" name="learnTestNG.TestScenario6" time="0.001" errors="0" timestamp="2023-11-17T08:12:36 IST" skipped="0">
  <testcase classname="learnTestNG.TestScenario6" name="third_testcase" time="0.001"/>
</testsuite> <!-- learnTestNG.TestScenario6 -->
