<?xml version="1.0" encoding="UTF-8"?>
<!-- Generated by org.testng.reporters.JUnitReportReporter -->
<testsuite hostname="DESKTOP-DJ4FDME" failures="0" tests="1" name="org.wipro.automation.uo.testcases.SignupScenario" time="4.198" errors="0" timestamp="2023-12-05T08:13:29 IST" skipped="0">
  <testcase classname="org.wipro.automation.uo.testcases.SignupScenario" name="validatesignupfunct" time="4.198"/>
</testsuite> <!-- org.wipro.automation.uo.testcases.SignupScenario -->
